isucon@ubuntu-bionic:~/isuumo/bench$ sudo alp --sum -r -f /var/log/nginx/access.log --aggregates='/api/estate/[0-9]+','/api/estate/req_doc/[0-9]+','/api/chair/[0-9]+','/api/chair/buy/*','/api/recommended';
+-------+--------+------------------------------+-----+------+-----+-----+-----+-------+-------+---------+-------+-------+-------+-------+--------+-----------+-----------+---------------+-----------+
| COUNT | METHOD |             URI              | 1XX | 2XX  | 3XX | 4XX | 5XX |  MIN  |  MAX  |   SUM   |  AVG  |  P1   |  P50  |  P99  | STDDEV | MIN(BODY) | MAX(BODY) |   SUM(BODY)   | AVG(BODY) |
+-------+--------+------------------------------+-----+------+-----+-----+-----+-------+-------+---------+-------+-------+-------+-------+--------+-----------+-----------+---------------+-----------+
|  6313 | GET    | /api/estate/search           |   0 | 6294 |   0 |  19 |   0 | 0.016 | 2.001 | 806.029 | 0.128 | 0.100 | 0.160 | 0.520 |  0.092 |     0.000 | 27906.000 | 104222932.000 | 16509.256 |
|  4680 | GET    | /api/chair/search            |   0 | 4660 |   0 |  20 |   0 | 0.028 | 2.000 | 680.399 | 0.145 | 0.080 | 0.400 | 0.556 |  0.101 |     0.000 | 28863.000 |  68596565.000 | 14657.386 |
|   489 | POST   | /api/estate/nazotte          |   0 |  436 |   0 |  53 |   0 | 0.020 | 2.003 | 269.779 | 0.552 | 0.416 | 0.892 | 1.998 |  0.612 |     0.000 | 34455.000 |   7554741.000 | 15449.368 |
|  5024 | GET    | /api/estate/[0-9]+           |   0 | 4983 |   0 |  41 |   0 | 0.004 | 2.000 | 170.299 | 0.034 | 0.008 | 0.000 | 0.432 |  0.096 |     0.000 |   722.000 |   3061136.000 |   609.303 |
|  2686 | GET    | /api/chair/[0-9]+            |   0 | 2644 |   0 |  42 |   0 | 0.004 | 1.779 | 169.700 | 0.063 | 0.016 | 0.004 | 0.040 |  0.143 |     0.000 |   650.000 |   1437539.000 |   535.197 |
|  1522 | GET    | /api/recommended             |   0 | 1516 |   0 |   6 |   0 | 0.020 | 0.903 | 167.648 | 0.110 | 0.048 | 0.248 | 0.175 |  0.071 |     0.000 | 13742.000 |  20270852.000 | 13318.562 |
|  2264 | GET    | /api/chair/low_priced        |   0 | 2262 |   0 |   2 |   0 | 0.004 | 0.504 | 134.672 | 0.059 | 0.020 | 0.120 | 0.004 |  0.052 |     0.000 | 12135.000 |  27426025.000 | 12113.969 |
|  2264 | GET    | /api/estate/low_priced       |   0 | 2263 |   0 |   1 |   0 | 0.004 | 0.643 | 121.979 | 0.054 | 0.024 | 0.104 | 0.012 |  0.048 | 13322.000 | 13340.000 |  30171444.000 | 13326.610 |
|     5 | POST   | /initialize                  |   0 |    5 |   0 |   0 |   0 | 3.260 | 4.258 |  18.712 | 3.742 | 3.260 | 3.628 | 3.780 |  0.321 |    23.000 |    23.000 |       115.000 |    23.000 |
|  2032 | POST   | /api/estate/req_doc/[0-9]+   |   0 | 2032 |   0 |   0 |   0 | 0.004 | 0.691 |   9.609 | 0.005 | 0.008 | 0.004 | 0.004 |  0.021 |     0.000 |     0.000 |         0.000 |     0.000 |
|   748 | POST   | /api/chair/buy/*             |   0 |  748 |   0 |   0 |   0 | 0.004 | 0.436 |   9.131 | 0.012 | 0.020 | 0.012 | 0.012 |  0.019 |     0.000 |     0.000 |         0.000 |     0.000 |
|     7 | POST   | /api/chair                   |   0 |    7 |   0 |   0 |   0 | 0.268 | 2.863 |   5.523 | 0.789 | 0.324 | 0.268 | 0.372 |  0.878 |     0.000 |     0.000 |         0.000 |     0.000 |
|     7 | POST   | /api/estate                  |   0 |    7 |   0 |   0 |   0 | 0.240 | 1.875 |   4.883 | 0.698 | 0.288 | 0.284 | 0.400 |  0.622 |     0.000 |     0.000 |         0.000 |     0.000 |
|  1039 | GET    | /api/estate/search/condition |   0 | 1039 |   0 |   0 |   0 | 0.000 | 0.028 |   1.140 | 0.001 | 0.000 | 0.004 | 0.000 |  0.002 |  2563.000 |  2563.000 |   2662957.000 |  2563.000 |
|   764 | GET    | /api/chair/search/condition  |   0 |  764 |   0 |   0 |   0 | 0.000 | 0.008 |   0.796 | 0.001 | 0.000 | 0.000 | 0.004 |  0.002 |  3392.000 |  3392.000 |   2591488.000 |  3392.000 |
+-------+--------+------------------------------+-----+------+-----+-----+-----+-------+-------+---------+-------+-------+-------+-------+--------+-----------+-----------+---------------+-----------+
