```
isucon@ubuntu-bionic:~/isuumo/bench$ sudo alp --sum -r -f /var/log/nginx/access.log --aggregates='/api/estate/[0-9]+','/api/estate/req_doc/[0-9]+','/api/chair/[0-9]+','/api/chair/buy/*','/api/recommended';
+-------+--------+------------------------------+-----+------+-----+-----+-----+-------+-------+----------+-------+-------+-------+-------+--------+-----------+-----------+---------------+-----------+
| COUNT | METHOD |             URI              | 1XX | 2XX  | 3XX | 4XX | 5XX |  MIN  |  MAX  |   SUM    |  AVG  |  P1   |  P50  |  P99  | STDDEV | MIN(BODY) | MAX(BODY) |   SUM(BODY)   | AVG(BODY) |
+-------+--------+------------------------------+-----+------+-----+-----+-----+-------+-------+----------+-------+-------+-------+-------+--------+-----------+-----------+---------------+-----------+
|  9360 | GET    | /api/estate/search           |   0 | 9318 |   0 |  42 |   0 | 0.012 | 2.001 | 1154.101 | 0.123 | 0.092 | 0.148 | 0.132 |  0.096 |     0.000 | 30824.000 | 154519373.000 | 16508.480 |
|  6500 | GET    | /api/chair/search            |   0 | 6461 |   0 |  39 |   0 | 0.024 | 2.001 |  980.786 | 0.151 | 0.072 | 0.076 | 0.240 |  0.116 |     0.000 | 28863.000 |  95048803.000 | 14622.893 |
|   745 | POST   | /api/estate/nazotte          |   0 |  669 |   0 |  76 |   0 | 0.020 | 2.003 |  392.277 | 0.527 | 0.096 | 0.172 | 0.472 |  0.597 |     0.000 | 34455.000 |  11143876.000 | 14958.223 |
|  3745 | GET    | /api/chair/[0-9]+            |   0 | 3607 |   0 | 138 |   0 | 0.008 | 1.998 |  289.586 | 0.077 | 0.004 | 0.020 | 0.160 |  0.183 |     0.000 |   650.000 |   1960437.000 |   523.481 |
|  7162 | GET    | /api/estate/[0-9]+           |   0 | 7083 |   0 |  79 |   0 | 0.004 | 2.000 |  280.256 | 0.039 | 0.000 | 0.012 | 0.616 |  0.121 |     0.000 |   722.000 |   4352056.000 |   607.659 |
|  2110 | GET    | /api/recommended             |   0 | 2104 |   0 |   6 |   0 | 0.020 | 0.903 |  234.514 | 0.111 | 0.064 | 0.096 | 0.088 |  0.067 | 13128.000 | 13742.000 |  28140438.000 | 13336.700 |
|  3305 | GET    | /api/chair/low_priced        |   0 | 3302 |   0 |   3 |   0 | 0.004 | 0.504 |  144.627 | 0.044 | 0.056 | 0.060 | 0.008 |  0.050 |     0.000 | 12135.000 |  40035785.000 | 12113.702 |
|  3305 | GET    | /api/estate/low_priced       |   0 | 3304 |   0 |   1 |   0 | 0.004 | 1.601 |  133.241 | 0.040 | 0.052 | 0.068 | 0.008 |  0.054 | 13322.000 | 13340.000 |  44049913.000 | 13328.264 |
|     9 | POST   | /initialize                  |   0 |    7 |   0 |   0 |   2 | 0.144 | 4.674 |   27.800 | 3.089 | 3.260 | 3.780 | 4.674 |  1.612 |    23.000 |    23.000 |       161.000 |    17.889 |
|  2951 | POST   | /api/estate/req_doc/[0-9]+   |   0 | 2949 |   0 |   2 |   0 | 0.004 | 1.141 |   15.820 | 0.005 | 0.004 | 0.000 | 0.004 |  0.031 |     0.000 |     0.000 |         0.000 |     0.000 |
|  1039 | POST   | /api/chair/buy/*             |   0 | 1039 |   0 |   0 |   0 | 0.004 | 0.436 |   13.324 | 0.013 | 0.012 | 0.016 | 0.008 |  0.018 |     0.000 |     0.000 |         0.000 |     0.000 |
|    11 | POST   | /api/chair                   |   0 |   10 |   0 |   1 |   0 | 0.268 | 3.062 |   10.518 | 0.956 | 0.324 | 0.388 | 0.412 |  0.993 |     0.000 |     0.000 |         0.000 |     0.000 |
|    11 | POST   | /api/estate                  |   0 |   10 |   0 |   1 |   0 | 0.240 | 2.826 |    9.690 | 0.881 | 0.288 | 0.348 | 0.412 |  0.823 |     0.000 |     0.000 |         0.000 |     0.000 |
|  1539 | GET    | /api/estate/search/condition |   0 | 1539 |   0 |   0 |   0 | 0.000 | 0.028 |    1.744 | 0.001 | 0.004 | 0.000 | 0.000 |  0.002 |  2563.000 |  2563.000 |   3944457.000 |  2563.000 |
|  1059 | GET    | /api/chair/search/condition  |   0 | 1059 |   0 |   0 |   0 | 0.004 | 0.012 |    1.156 | 0.001 | 0.000 | 0.004 | 0.004 |  0.002 |  3392.000 |  3392.000 |   3592128.000 |  3392.000 |
+-------+--------+------------------------------+-----+------+-----+-----+-----+-------+-------+----------+-------+-------+-------+-------+--------+-----------+-----------+---------------+-----------+
```
