isucon@ubuntu-bionic:~/isuumo/bench$ sudo alp --sum -r -f /var/log/nginx/access.log --aggregates='/api/estate/[0-9]+','/api/estate/req_doc/[0-9]+','/api/chair/[0-9]+','/api/chair/buy/*','/api/recommended_estate/[0-9]+'
+-------+--------+--------------------------------+-----+------+-----+-----+-----+-------+-------+---------+-------+-------+-------+-------+--------+-----------+-----------+--------------+-----------+
| COUNT | METHOD |              URI               | 1XX | 2XX  | 3XX | 4XX | 5XX |  MIN  |  MAX  |   SUM   |  AVG  |  P1   |  P50  |  P99  | STDDEV | MIN(BODY) | MAX(BODY) |  SUM(BODY)   | AVG(BODY) |
+-------+--------+--------------------------------+-----+------+-----+-----+-----+-------+-------+---------+-------+-------+-------+-------+--------+-----------+-----------+--------------+-----------+
|  1912 | GET    | /api/estate/search             |   0 | 1909 |   0 |   3 |   0 | 0.012 | 1.484 | 199.915 | 0.105 | 0.072 | 0.164 | 0.145 |  0.108 |     0.000 | 19785.000 | 29983775.000 | 15681.891 |
|  1246 | GET    | /api/chair/search              |   0 | 1244 |   0 |   2 |   0 | 0.012 | 1.705 | 193.789 | 0.156 | 0.076 | 0.092 | 0.201 |  0.163 |     0.000 | 15851.000 | 16799096.000 | 13482.421 |
|  2969 | GET    | /api/estate/[0-9]+             |   0 | 2957 |   0 |  12 |   0 | 0.004 | 1.204 | 146.243 | 0.049 | 0.004 | 0.008 | 0.008 |  0.090 |     0.000 |   722.000 |  1816688.000 |   611.885 |
|  2332 | GET    | /api/chair/[0-9]+              |   0 | 2313 |   0 |  19 |   0 | 0.004 | 1.465 | 139.318 | 0.060 | 0.000 | 0.028 | 0.012 |  0.114 |     0.000 |   650.000 |  1255352.000 |   538.316 |
|   127 | POST   | /api/estate/nazotte            |   0 |  114 |   0 |  13 |   0 | 0.004 | 2.001 |  70.022 | 0.551 | 0.068 | 0.132 | 0.312 |  0.669 |     0.000 | 34107.000 |  1840436.000 | 14491.622 |
|   346 | GET    | /api/recommended_estate/[0-9]+ |   0 |  345 |   0 |   1 |   0 | 0.012 | 1.029 |  36.312 | 0.105 | 0.129 | 0.064 | 0.336 |  0.088 |     0.000 | 13710.000 |  4617139.000 | 13344.332 |
|   585 | GET    | /api/chair/low_priced          |   0 |  585 |   0 |   0 |   0 | 0.004 | 1.029 |   9.027 | 0.015 | 0.028 | 0.012 | 0.040 |  0.055 | 12121.000 | 12135.000 |  7093060.000 | 12124.889 |
|   585 | GET    | /api/estate/low_priced         |   0 |  585 |   0 |   0 |   0 | 0.004 | 1.141 |   8.659 | 0.015 | 0.004 | 0.004 | 0.248 |  0.057 | 13322.000 | 13340.000 |  7799154.000 | 13331.887 |
|     1 | POST   | /initialize                    |   0 |    1 |   0 |   0 |   0 | 5.226 | 5.226 |   5.226 | 5.226 | 5.226 | 5.226 | 5.226 |  0.000 |    23.000 |    23.000 |       23.000 |    23.000 |
|   518 | POST   | /api/estate/req_doc/[0-9]+     |   0 |  518 |   0 |   0 |   0 | 0.004 | 0.128 |   3.101 | 0.006 | 0.004 | 0.044 | 0.080 |  0.014 |     0.000 |     0.000 |        0.000 |     0.000 |
|   170 | POST   | /api/chair/buy/*               |   0 |  170 |   0 |   0 |   0 | 0.004 | 0.160 |   2.746 | 0.016 | 0.008 | 0.016 | 0.020 |  0.022 |     0.000 |     0.000 |        0.000 |     0.000 |
|     2 | POST   | /api/estate                    |   0 |    2 |   0 |   0 |   0 | 0.392 | 2.161 |   2.553 | 1.276 | 0.392 | 0.392 | 0.392 |  0.885 |     0.000 |     0.000 |        0.000 |     0.000 |
|     2 | POST   | /api/chair                     |   0 |    2 |   0 |   0 |   0 | 0.412 | 2.013 |   2.425 | 1.212 | 0.412 | 0.412 | 0.412 |  0.800 |     0.000 |     0.000 |        0.000 |     0.000 |
|   287 | GET    | /api/estate/search/condition   |   0 |  287 |   0 |   0 |   0 | 0.000 | 0.008 |   0.280 | 0.001 | 0.000 | 0.000 | 0.000 |  0.002 |  2563.000 |  2563.000 |   735581.000 |  2563.000 |
|   175 | GET    | /api/chair/search/condition    |   0 |  175 |   0 |   0 |   0 | 0.004 | 0.008 |   0.192 | 0.001 | 0.004 | 0.000 | 0.000 |  0.002 |  3392.000 |  3392.000 |   593600.000 |  3392.000 |
+-------+--------+--------------------------------+-----+------+-----+-----+-----+-------+-------+---------+-------+-------+-------+-------+--------+-----------+-----------+--------------+-----------+
